info: 2021-06-03T06:59:00.482Z
info: url: /boards/.
info: method: POST.
info: Request has no params.
info: Request has no query params.
info: -------------------------
info: 2021-06-03T06:59:00.502Z
info: url: /boards/a9d5cd22-512d-412c-8665-7ff2f9674781.
info: method: DELETE.
info: params: id: a9d5cd22-512d-412c-8665-7ff2f9674781.
info: Request has no query params.
info: -------------------------
info: 2021-06-03T06:59:00.790Z
info: url: /boards/.
info: method: POST.
info: Request has no params.
info: Request has no query params.
info: -------------------------
info: 2021-06-03T06:59:00.795Z
info: url: /boards/.
info: method: GET.
info: Request has no params.
info: Request has no query params.
info: -------------------------
info: 2021-06-03T06:59:00.802Z
info: url: /boards/.
info: method: GET.
info: Request has no params.
info: Request has no query params.
info: -------------------------
info: 2021-06-03T06:59:00.805Z
info: url: /boards/5da3642f-0b74-4750-ab52-b109b2dfab6b.
info: method: GET.
info: params: id: 5da3642f-0b74-4750-ab52-b109b2dfab6b.
info: Request has no query params.
info: -------------------------
info: 2021-06-03T06:59:00.809Z
info: url: /boards/.
info: method: POST.
info: Request has no params.
info: Request has no query params.
info: -------------------------
info: 2021-06-03T06:59:00.813Z
info: url: /boards/8064c72f-3eec-457b-8382-f613706e1b8b.
info: method: DELETE.
info: params: id: 8064c72f-3eec-457b-8382-f613706e1b8b.
info: Request has no query params.
info: -------------------------
info: 2021-06-03T06:59:00.816Z
info: url: /boards/.
info: method: POST.
info: Request has no params.
info: Request has no query params.
info: -------------------------
info: 2021-06-03T06:59:00.820Z
info: url: /boards/89b70c1b-2ad5-416c-8edb-cdefdcb0d1e7.
info: method: PUT.
info: params: id: 89b70c1b-2ad5-416c-8edb-cdefdcb0d1e7.
info: Request has no query params.
info: -------------------------
info: 2021-06-03T06:59:00.824Z
info: url: /boards/89b70c1b-2ad5-416c-8edb-cdefdcb0d1e7.
info: method: GET.
info: params: id: 89b70c1b-2ad5-416c-8edb-cdefdcb0d1e7.
info: Request has no query params.
info: -------------------------
info: 2021-06-03T06:59:00.827Z
info: url: /boards/89b70c1b-2ad5-416c-8edb-cdefdcb0d1e7.
info: method: DELETE.
info: params: id: 89b70c1b-2ad5-416c-8edb-cdefdcb0d1e7.
info: Request has no query params.
info: -------------------------
info: 2021-06-03T06:59:00.830Z
info: url: /boards/.
info: method: POST.
info: Request has no params.
info: Request has no query params.
info: -------------------------
info: 2021-06-03T06:59:00.833Z
info: url: /boards/dbbc9782-0867-4adc-ac68-08be850d3a20.
info: method: DELETE.
info: params: id: dbbc9782-0867-4adc-ac68-08be850d3a20.
info: Request has no query params.
info: -------------------------
info: 2021-06-03T06:59:00.835Z
info: url: /boards/dbbc9782-0867-4adc-ac68-08be850d3a20.
info: method: GET.
info: params: id: dbbc9782-0867-4adc-ac68-08be850d3a20.
info: Request has no query params.
info: -------------------------
info: 2021-06-03T06:59:00.838Z
info: url: /boards/.
info: method: POST.
info: Request has no params.
info: Request has no query params.
info: -------------------------
info: 2021-06-03T06:59:00.859Z
info: url: /boards/be788495-dfc1-4e39-b7d4-dd67cecbda6b.
info: method: DELETE.
info: params: id: be788495-dfc1-4e39-b7d4-dd67cecbda6b.
info: Request has no query params.
info: -------------------------
info: 2021-06-03T06:59:00.867Z
info: url: /boards/5da3642f-0b74-4750-ab52-b109b2dfab6b.
info: method: DELETE.
info: params: id: 5da3642f-0b74-4750-ab52-b109b2dfab6b.
info: Request has no query params.
info: -------------------------
info: 2021-06-03T06:59:01.052Z
info: url: /boards/.
info: method: POST.
info: Request has no params.
info: Request has no query params.
info: -------------------------
info: 2021-06-03T06:59:01.098Z
info: url: /boards/13c5ae9d-4c5b-4e9e-bda2-f35ac3188175.
info: method: DELETE.
info: params: id: 13c5ae9d-4c5b-4e9e-bda2-f35ac3188175.
info: Request has no query params.
info: -------------------------
